2023/02/11 12:35:43 [notice] 1#1: using the "epoll" event method
2023/02/11 12:35:43 [notice] 1#1: nginx/1.23.3
2023/02/11 12:35:43 [notice] 1#1: built by gcc 12.2.1 20220924 (Alpine 12.2.1_git20220924-r4) 
2023/02/11 12:35:43 [notice] 1#1: OS: Linux 5.15.0-1028-aws
2023/02/11 12:35:43 [notice] 1#1: getrlimit(RLIMIT_NOFILE): 1048576:1048576
2023/02/11 12:35:43 [notice] 1#1: start worker processes
2023/02/11 12:35:43 [notice] 1#1: start worker process 20
2023/02/11 14:10:58 [error] 20#20: *22 connect() failed (113: Host is unreachable) while connecting to upstream, client: 102.88.63.65, server: , request: "GET / HTTP/1.1", upstream: "fastcgi://172.18.0.3:9000", host: "44.198.50.174"
2023/02/11 15:25:09 [notice] 1#1: signal 3 (SIGQUIT) received, shutting down
2023/02/11 15:25:09 [notice] 20#20: gracefully shutting down
2023/02/11 15:25:09 [notice] 20#20: exiting
2023/02/11 15:25:09 [notice] 20#20: exit
2023/02/11 15:25:09 [notice] 1#1: signal 17 (SIGCHLD) received from 20
2023/02/11 15:25:09 [notice] 1#1: worker process 20 exited with code 0
2023/02/11 15:25:09 [notice] 1#1: exit
2023/02/11 15:25:19 [notice] 1#1: using the "epoll" event method
2023/02/11 15:25:19 [notice] 1#1: nginx/1.23.3
2023/02/11 15:25:19 [notice] 1#1: built by gcc 12.2.1 20220924 (Alpine 12.2.1_git20220924-r4) 
2023/02/11 15:25:19 [notice] 1#1: OS: Linux 5.15.0-1028-aws
2023/02/11 15:25:19 [notice] 1#1: getrlimit(RLIMIT_NOFILE): 1048576:1048576
2023/02/11 15:25:19 [notice] 1#1: start worker processes
2023/02/11 15:25:19 [notice] 1#1: start worker process 20
2023/02/11 15:35:08 [notice] 1#1: signal 3 (SIGQUIT) received, shutting down
2023/02/11 15:35:08 [notice] 20#20: gracefully shutting down
2023/02/11 15:35:08 [notice] 20#20: exiting
2023/02/11 15:35:08 [notice] 20#20: exit
2023/02/11 15:35:08 [notice] 1#1: signal 17 (SIGCHLD) received from 20
2023/02/11 15:35:08 [notice] 1#1: worker process 20 exited with code 0
2023/02/11 15:35:08 [notice] 1#1: exit
2023/02/11 15:43:00 [notice] 1#1: using the "epoll" event method
2023/02/11 15:43:00 [notice] 1#1: nginx/1.23.3
2023/02/11 15:43:00 [notice] 1#1: built by gcc 12.2.1 20220924 (Alpine 12.2.1_git20220924-r4) 
2023/02/11 15:43:00 [notice] 1#1: OS: Linux 5.15.0-1028-aws
2023/02/11 15:43:00 [notice] 1#1: getrlimit(RLIMIT_NOFILE): 1048576:1048576
2023/02/11 15:43:00 [notice] 1#1: start worker processes
2023/02/11 15:43:00 [notice] 1#1: start worker process 20
2023/02/11 15:43:03 [notice] 1#1: signal 3 (SIGQUIT) received, shutting down
2023/02/11 15:43:03 [notice] 20#20: gracefully shutting down
2023/02/11 15:43:03 [notice] 20#20: exiting
2023/02/11 15:43:03 [notice] 20#20: exit
2023/02/11 15:43:03 [notice] 1#1: signal 17 (SIGCHLD) received from 20
2023/02/11 15:43:03 [notice] 1#1: worker process 20 exited with code 0
2023/02/11 15:43:03 [notice] 1#1: exit
2023/02/11 15:56:57 [notice] 1#1: using the "epoll" event method
2023/02/11 15:56:57 [notice] 1#1: nginx/1.23.3
2023/02/11 15:56:57 [notice] 1#1: built by gcc 12.2.1 20220924 (Alpine 12.2.1_git20220924-r4) 
2023/02/11 15:56:57 [notice] 1#1: OS: Linux 5.15.0-1028-aws
2023/02/11 15:56:57 [notice] 1#1: getrlimit(RLIMIT_NOFILE): 1048576:1048576
2023/02/11 15:56:57 [notice] 1#1: start worker processes
2023/02/11 15:56:57 [notice] 1#1: start worker process 20
2023/02/11 16:35:10 [notice] 1#1: signal 3 (SIGQUIT) received, shutting down
2023/02/11 16:35:10 [notice] 20#20: gracefully shutting down
2023/02/11 16:35:10 [notice] 20#20: exiting
2023/02/11 16:35:10 [notice] 20#20: exit
2023/02/11 16:35:10 [notice] 1#1: signal 17 (SIGCHLD) received from 20
2023/02/11 16:35:10 [notice] 1#1: worker process 20 exited with code 0
2023/02/11 16:35:10 [notice] 1#1: exit
2023/02/11 16:38:16 [notice] 1#1: using the "epoll" event method
2023/02/11 16:38:16 [notice] 1#1: nginx/1.23.3
2023/02/11 16:38:16 [notice] 1#1: built by gcc 12.2.1 20220924 (Alpine 12.2.1_git20220924-r4) 
2023/02/11 16:38:16 [notice] 1#1: OS: Linux 5.15.0-1028-aws
2023/02/11 16:38:16 [notice] 1#1: getrlimit(RLIMIT_NOFILE): 1048576:1048576
2023/02/11 16:38:16 [notice] 1#1: start worker processes
2023/02/11 16:38:16 [notice] 1#1: start worker process 20
